[29May2026 01:32:01.050] [Test worker/DEBUG] [com.replaymod.simplepathing.SPTimelineTest/]: Removing position keyframe at 0
[29May2026 01:32:01.057] [Test worker/DEBUG] [com.replaymod.simplepathing.SPTimelineTest/]: Adding position keyframe at 0 pos 1.0/2.0/3.0 rot 4.0/5.0/6.0 entId -1
[29May2026 01:32:01.072] [Test worker/DEBUG] [com.replaymod.simplepathing.SPTimelineTest/]: Adding position keyframe at 1 pos 1.0/2.0/3.0 rot 4.0/5.0/6.0 entId -1
[29May2026 01:32:01.083] [Test worker/DEBUG] [com.replaymod.simplepathing.SPTimelineTest/]: Adding position keyframe at 2 pos 1.0/2.0/3.0 rot 4.0/5.0/6.0 entId -1
[29May2026 01:32:01.083] [Test worker/DEBUG] [com.replaymod.simplepathing.SPTimelineTest/]: Adding position keyframe at 3 pos 1.0/2.0/3.0 rot 4.0/5.0/6.0 entId -1
[29May2026 01:32:01.088] [Test worker/DEBUG] [com.replaymod.simplepathing.SPTimelineTest/]: Adding position keyframe at 4 pos 1.0/2.0/3.0 rot 4.0/5.0/6.0 entId -1
[29May2026 01:32:01.090] [Test worker/DEBUG] [com.replaymod.simplepathing.SPTimelineTest/]: Adding position keyframe at 0 pos 1.0/2.0/3.0 rot 4.0/5.0/6.0 entId -1
[29May2026 01:32:01.090] [Test worker/DEBUG] [com.replaymod.simplepathing.SPTimelineTest/]: Adding position keyframe at 1 pos 1.0/2.0/3.0 rot 4.0/5.0/6.0 entId 42
[29May2026 01:32:01.091] [Test worker/DEBUG] [com.replaymod.simplepathing.SPTimelineTest/]: Adding position keyframe at 2 pos 1.0/2.0/3.0 rot 4.0/5.0/6.0 entId 42
[29May2026 01:32:01.092] [Test worker/DEBUG] [com.replaymod.simplepathing.SPTimelineTest/]: Adding position keyframe at 3 pos 1.0/2.0/3.0 rot 4.0/5.0/6.0 entId -1
[29May2026 01:32:01.111] [Test worker/DEBUG] [com.replaymod.simplepathing.SPTimelineTest/]: Adding position keyframe at 4 pos 1.0/2.0/3.0 rot 4.0/5.0/6.0 entId -1
[29May2026 01:32:01.122] [Test worker/DEBUG] [com.replaymod.simplepathing.SPTimelineTest/]: Adding position keyframe at 0 pos 1.0/2.0/3.0 rot 4.0/5.0/6.0 entId -1
[29May2026 01:32:01.123] [Test worker/DEBUG] [com.replaymod.simplepathing.SPTimelineTest/]: Adding position keyframe at 1 pos 1.0/2.0/3.0 rot 4.0/5.0/6.0 entId -1
[29May2026 01:32:01.123] [Test worker/DEBUG] [com.replaymod.simplepathing.SPTimelineTest/]: Setting interpolator of position keyframe at 0 to com.replaymod.replaystudio.pathing.interpolation.LinearInterpolator@51f49060
[29May2026 01:32:01.125] [Test worker/DEBUG] [com.replaymod.simplepathing.SPTimelineTest/]: Moving keyframe on POSITION from 0 to 2
[29May2026 01:32:01.128] [Test worker/DEBUG] [com.replaymod.simplepathing.SPTimelineTest/]: Moving keyframe on POSITION from 2 to 0
[29May2026 01:32:01.130] [Test worker/DEBUG] [com.replaymod.simplepathing.SPTimelineTest/]: Adding position keyframe at 2 pos 1.0/2.0/3.0 rot 4.0/5.0/6.0 entId -1
[29May2026 01:32:01.130] [Test worker/DEBUG] [com.replaymod.simplepathing.SPTimelineTest/]: Moving keyframe on POSITION from 0 to 3
[29May2026 01:32:01.132] [Test worker/DEBUG] [com.replaymod.simplepathing.SPTimelineTest/]: Adding time keyframe at 0 time 1
[29May2026 01:32:01.132] [Test worker/DEBUG] [com.replaymod.simplepathing.SPTimelineTest/]: Setting interpolator of position keyframe at 0 to the default
[29May2026 01:32:01.133] [Test worker/DEBUG] [com.replaymod.simplepathing.SPTimelineTest/]: Adding time keyframe at 0 time 1
[29May2026 01:32:01.133] [Test worker/DEBUG] [com.replaymod.simplepathing.SPTimelineTest/]: Updating time keyframe at 0 to time 2
[29May2026 01:32:01.134] [Test worker/DEBUG] [com.replaymod.simplepathing.SPTimelineTest/]: Adding position keyframe at 0 pos 1.0/2.0/3.0 rot 4.0/5.0/6.0 entId -1
[29May2026 01:32:01.134] [Test worker/DEBUG] [com.replaymod.simplepathing.SPTimelineTest/]: Adding position keyframe at 1 pos 1.0/2.0/3.0 rot 4.0/5.0/6.0 entId -1
[29May2026 01:32:01.134] [Test worker/DEBUG] [com.replaymod.simplepathing.SPTimelineTest/]: Adding position keyframe at 2 pos 1.0/2.0/3.0 rot 4.0/5.0/6.0 entId -1
[29May2026 01:32:01.135] [Test worker/DEBUG] [com.replaymod.simplepathing.SPTimelineTest/]: Adding position keyframe at 3 pos 1.0/2.0/3.0 rot 4.0/5.0/6.0 entId -1
[29May2026 01:32:01.136] [Test worker/DEBUG] [com.replaymod.simplepathing.SPTimelineTest/]: Removing position keyframe at 1
[29May2026 01:32:01.136] [Test worker/DEBUG] [com.replaymod.simplepathing.SPTimelineTest/]: Removing position keyframe at 2
[29May2026 01:32:01.136] [Test worker/DEBUG] [com.replaymod.simplepathing.SPTimelineTest/]: Removing position keyframe at 0
[29May2026 01:32:01.136] [Test worker/DEBUG] [com.replaymod.simplepathing.SPTimelineTest/]: Removing position keyframe at 3
[29May2026 01:32:01.137] [Test worker/DEBUG] [com.replaymod.simplepathing.SPTimelineTest/]: Adding position keyframe at 0 pos 1.0/2.0/3.0 rot 4.0/5.0/6.0 entId -1
[29May2026 01:32:01.137] [Test worker/DEBUG] [com.replaymod.simplepathing.SPTimelineTest/]: Adding position keyframe at 1 pos 1.0/2.0/3.0 rot 4.0/5.0/6.0 entId -1
[29May2026 01:32:01.137] [Test worker/DEBUG] [com.replaymod.simplepathing.SPTimelineTest/]: Adding position keyframe at 2 pos 1.0/2.0/3.0 rot 4.0/5.0/6.0 entId -1
[29May2026 01:32:01.138] [Test worker/DEBUG] [com.replaymod.simplepathing.SPTimelineTest/]: Adding position keyframe at 3 pos 1.0/2.0/3.0 rot 4.0/5.0/6.0 entId -1
[29May2026 01:32:01.138] [Test worker/DEBUG] [com.replaymod.simplepathing.SPTimelineTest/]: Removing position keyframe at 3
[29May2026 01:32:01.138] [Test worker/DEBUG] [com.replaymod.simplepathing.SPTimelineTest/]: Removing position keyframe at 2
[29May2026 01:32:01.139] [Test worker/DEBUG] [com.replaymod.simplepathing.SPTimelineTest/]: Removing position keyframe at 1
[29May2026 01:32:01.139] [Test worker/DEBUG] [com.replaymod.simplepathing.SPTimelineTest/]: Removing position keyframe at 0
[29May2026 01:32:01.139] [Test worker/DEBUG] [com.replaymod.simplepathing.SPTimelineTest/]: Adding time keyframe at 0 time 1
[29May2026 01:32:01.140] [Test worker/DEBUG] [com.replaymod.simplepathing.SPTimelineTest/]: Adding position keyframe at 2 pos 1.0/2.0/3.0 rot 4.0/5.0/6.0 entId -1
[29May2026 01:32:01.140] [Test worker/DEBUG] [com.replaymod.simplepathing.SPTimelineTest/]: Adding position keyframe at 4 pos 1.0/2.0/3.0 rot 4.0/5.0/6.0 entId -1
[29May2026 01:32:01.140] [Test worker/DEBUG] [com.replaymod.simplepathing.SPTimelineTest/]: Adding position keyframe at 3 pos 1.0/2.0/3.0 rot 4.0/5.0/6.0 entId -1
[29May2026 01:32:01.141] [Test worker/DEBUG] [com.replaymod.simplepathing.SPTimelineTest/]: Adding position keyframe at 0 pos 1.0/2.0/3.0 rot 4.0/5.0/6.0 entId -1
[29May2026 01:32:01.141] [Test worker/DEBUG] [com.replaymod.simplepathing.SPTimelineTest/]: Adding position keyframe at 1 pos 1.0/2.0/3.0 rot 4.0/5.0/6.0 entId -1
[29May2026 01:32:01.141] [Test worker/DEBUG] [com.replaymod.simplepathing.SPTimelineTest/]: Adding position keyframe at 0 pos 1.0/2.0/3.0 rot 4.0/5.0/6.0 entId -1
[29May2026 01:32:01.141] [Test worker/DEBUG] [com.replaymod.simplepathing.SPTimelineTest/]: Adding position keyframe at 1 pos 1.0/2.0/3.0 rot 4.0/5.0/6.0 entId -1
[29May2026 01:32:01.143] [Test worker/DEBUG] [com.replaymod.simplepathing.SPTimelineTest/]: Adding position keyframe at 2 pos 1.0/2.0/3.0 rot 4.0/5.0/6.0 entId -1
[29May2026 01:32:01.143] [Test worker/DEBUG] [com.replaymod.simplepathing.SPTimelineTest/]: Adding position keyframe at 3 pos 1.0/2.0/3.0 rot 4.0/5.0/6.0 entId 42
[29May2026 01:32:01.144] [Test worker/DEBUG] [com.replaymod.simplepathing.SPTimelineTest/]: Adding position keyframe at 4 pos 1.0/2.0/3.0 rot 4.0/5.0/6.0 entId 42
[29May2026 01:32:01.144] [Test worker/DEBUG] [com.replaymod.simplepathing.SPTimelineTest/]: Adding position keyframe at 5 pos 1.0/2.0/3.0 rot 4.0/5.0/6.0 entId 42
[29May2026 01:32:01.144] [Test worker/DEBUG] [com.replaymod.simplepathing.SPTimelineTest/]: Adding position keyframe at 6 pos 1.0/2.0/3.0 rot 4.0/5.0/6.0 entId -1
[29May2026 01:32:01.145] [Test worker/DEBUG] [com.replaymod.simplepathing.SPTimelineTest/]: Adding position keyframe at 7 pos 1.0/2.0/3.0 rot 4.0/5.0/6.0 entId -1
[29May2026 01:32:01.147] [Test worker/DEBUG] [com.replaymod.simplepathing.SPTimelineTest/]: Adding position keyframe at 8 pos 1.0/2.0/3.0 rot 4.0/5.0/6.0 entId 42
[29May2026 01:32:01.149] [Test worker/DEBUG] [com.replaymod.simplepathing.SPTimelineTest/]: Adding position keyframe at 9 pos 1.0/2.0/3.0 rot 4.0/5.0/6.0 entId 42
[29May2026 01:32:01.150] [Test worker/DEBUG] [com.replaymod.simplepathing.SPTimelineTest/]: Removing position keyframe at 4
[29May2026 01:32:01.151] [Test worker/DEBUG] [com.replaymod.simplepathing.SPTimelineTest/]: Removing position keyframe at 9
[29May2026 01:32:01.152] [Test worker/DEBUG] [com.replaymod.simplepathing.SPTimelineTest/]: Removing position keyframe at 6
[29May2026 01:32:01.153] [Test worker/DEBUG] [com.replaymod.simplepathing.SPTimelineTest/]: Removing position keyframe at 7
[29May2026 01:32:01.153] [Test worker/DEBUG] [com.replaymod.simplepathing.SPTimelineTest/]: Removing position keyframe at 0
[29May2026 01:32:01.154] [Test worker/DEBUG] [com.replaymod.simplepathing.SPTimelineTest/]: Removing position keyframe at 1
[29May2026 01:32:01.155] [Test worker/DEBUG] [com.replaymod.simplepathing.SPTimelineTest/]: Removing position keyframe at 3
[29May2026 01:32:01.155] [Test worker/DEBUG] [com.replaymod.simplepathing.SPTimelineTest/]: Removing position keyframe at 2
[29May2026 01:32:01.155] [Test worker/DEBUG] [com.replaymod.simplepathing.SPTimelineTest/]: Removing position keyframe at 5
[29May2026 01:32:01.155] [Test worker/DEBUG] [com.replaymod.simplepathing.SPTimelineTest/]: Removing position keyframe at 8
[29May2026 01:32:01.156] [Test worker/DEBUG] [com.replaymod.simplepathing.SPTimelineTest/]: Adding position keyframe at 4 pos 1.0/2.0/3.0 rot 4.0/5.0/6.0 entId -1
[29May2026 01:32:01.156] [Test worker/DEBUG] [com.replaymod.simplepathing.SPTimelineTest/]: Adding position keyframe at 3 pos 1.0/2.0/3.0 rot 4.0/5.0/6.0 entId -1
[29May2026 01:32:01.157] [Test worker/DEBUG] [com.replaymod.simplepathing.SPTimelineTest/]: Adding position keyframe at 2 pos 1.0/2.0/3.0 rot 4.0/5.0/6.0 entId -1
[29May2026 01:32:01.157] [Test worker/DEBUG] [com.replaymod.simplepathing.SPTimelineTest/]: Adding position keyframe at 1 pos 1.0/2.0/3.0 rot 4.0/5.0/6.0 entId -1
[29May2026 01:32:01.157] [Test worker/DEBUG] [com.replaymod.simplepathing.SPTimelineTest/]: Adding position keyframe at 0 pos 1.0/2.0/3.0 rot 4.0/5.0/6.0 entId -1
[29May2026 01:32:01.158] [Test worker/DEBUG] [com.replaymod.simplepathing.SPTimelineTest/]: Adding position keyframe at 0 pos 1.0/2.0/3.0 rot 4.0/5.0/6.0 entId 7
[29May2026 01:32:01.159] [Test worker/DEBUG] [com.replaymod.simplepathing.SPTimelineTest/]: Adding time keyframe at 0 time 1
[29May2026 01:32:01.161] [Test worker/DEBUG] [com.replaymod.simplepathing.SPTimelineTest/]: Setting interpolator of position keyframe at 0 to com.replaymod.replaystudio.pathing.interpolation.LinearInterpolator@2f66e802
[29May2026 01:32:01.161] [Test worker/DEBUG] [com.replaymod.simplepathing.SPTimelineTest/]: Adding position keyframe at 0 pos 1.0/2.0/3.0 rot 4.0/5.0/6.0 entId -1
[29May2026 01:32:01.161] [Test worker/DEBUG] [com.replaymod.simplepathing.SPTimelineTest/]: Adding position keyframe at 1 pos 1.0/2.0/3.0 rot 4.0/5.0/6.0 entId 42
[29May2026 01:32:01.162] [Test worker/DEBUG] [com.replaymod.simplepathing.SPTimelineTest/]: Adding position keyframe at 2 pos 1.0/2.0/3.0 rot 4.0/5.0/6.0 entId 42
[29May2026 01:32:01.163] [Test worker/DEBUG] [com.replaymod.simplepathing.SPTimelineTest/]: Adding position keyframe at 4 pos 1.0/2.0/3.0 rot 4.0/5.0/6.0 entId -1
[29May2026 01:32:01.164] [Test worker/DEBUG] [com.replaymod.simplepathing.SPTimelineTest/]: Adding position keyframe at 7 pos 1.0/2.0/3.0 rot 4.0/5.0/6.0 entId -1
[29May2026 01:32:01.165] [Test worker/DEBUG] [com.replaymod.simplepathing.SPTimelineTest/]: Adding position keyframe at 8 pos 1.0/2.0/3.0 rot 4.0/5.0/6.0 entId -1
[29May2026 01:32:01.166] [Test worker/DEBUG] [com.replaymod.simplepathing.SPTimelineTest/]: Adding position keyframe at 3 pos 1.0/2.0/3.0 rot 4.0/5.0/6.0 entId 42
[29May2026 01:32:01.167] [Test worker/DEBUG] [com.replaymod.simplepathing.SPTimelineTest/]: Adding position keyframe at 5 pos 1.0/2.0/3.0 rot 4.0/5.0/6.0 entId 42
[29May2026 01:32:01.168] [Test worker/DEBUG] [com.replaymod.simplepathing.SPTimelineTest/]: Adding position keyframe at 6 pos 1.0/2.0/3.0 rot 4.0/5.0/6.0 entId 42
[29May2026 01:32:01.171] [Test worker/DEBUG] [com.replaymod.simplepathing.SPTimelineTest/]: Updating position keyframe at 0 to pos 1.0/2.0/3.0 rot 4.0/5.0/6.0
[29May2026 01:32:01.171] [Test worker/DEBUG] [com.replaymod.simplepathing.SPTimelineTest/]: Adding position keyframe at 0 pos 1.0/2.0/3.0 rot 4.0/5.0/6.0 entId 7
[29May2026 01:32:01.172] [Test worker/DEBUG] [com.replaymod.simplepathing.SPTimelineTest/]: Updating position keyframe at 0 to pos 1.0/2.0/3.0 rot 4.0/5.0/6.0
[29May2026 01:32:01.173] [Test worker/DEBUG] [com.replaymod.simplepathing.SPTimelineTest/]: Adding position keyframe at 0 pos 1.0/2.0/3.0 rot 4.0/5.0/6.0 entId -1
[29May2026 01:32:01.174] [Test worker/DEBUG] [com.replaymod.simplepathing.SPTimelineTest/]: Adding time keyframe at 0 time 1
[29May2026 01:32:01.174] [Test worker/DEBUG] [com.replaymod.simplepathing.SPTimelineTest/]: Adding time keyframe at 0 time 1
[29May2026 01:32:01.175] [Test worker/DEBUG] [com.replaymod.simplepathing.SPTimelineTest/]: Adding position keyframe at 0 pos 1.0/2.0/3.0 rot 4.0/5.0/6.0 entId -1
[29May2026 01:32:01.176] [Test worker/DEBUG] [com.replaymod.simplepathing.SPTimelineTest/]: Adding position keyframe at 1 pos 1.0/2.0/3.0 rot 4.0/5.0/6.0 entId -1
[29May2026 01:32:01.178] [Test worker/DEBUG] [com.replaymod.simplepathing.SPTimelineTest/]: Adding position keyframe at 2 pos 1.0/2.0/3.0 rot 4.0/5.0/6.0 entId -1
[29May2026 01:32:01.179] [Test worker/DEBUG] [com.replaymod.simplepathing.SPTimelineTest/]: Adding position keyframe at 3 pos 1.0/2.0/3.0 rot 4.0/5.0/6.0 entId -1
[29May2026 01:32:01.180] [Test worker/DEBUG] [com.replaymod.simplepathing.SPTimelineTest/]: Removing position keyframe at 0
[29May2026 01:32:01.180] [Test worker/DEBUG] [com.replaymod.simplepathing.SPTimelineTest/]: Removing position keyframe at 1
[29May2026 01:32:01.181] [Test worker/DEBUG] [com.replaymod.simplepathing.SPTimelineTest/]: Removing position keyframe at 2
[29May2026 01:32:01.181] [Test worker/DEBUG] [com.replaymod.simplepathing.SPTimelineTest/]: Removing position keyframe at 3
[29May2026 01:32:01.182] [Test worker/DEBUG] [com.replaymod.simplepathing.SPTimelineTest/]: Removing time keyframe at 0
[29May2026 01:32:01.182] [Test worker/DEBUG] [com.replaymod.simplepathing.SPTimelineTest/]: Updating time keyframe at 0 to time 1
[29May2026 01:32:01.182] [Test worker/DEBUG] [com.replaymod.simplepathing.SPTimelineTest/]: Adding position keyframe at 0 pos 1.0/2.0/3.0 rot 4.0/5.0/6.0 entId -1
[29May2026 01:32:01.183] [Test worker/DEBUG] [com.replaymod.simplepathing.SPTimelineTest/]: Adding position keyframe at 1 pos 1.0/2.0/3.0 rot 4.0/5.0/6.0 entId -1
[29May2026 01:32:01.184] [Test worker/DEBUG] [com.replaymod.simplepathing.SPTimelineTest/]: Adding position keyframe at 2 pos 1.0/2.0/3.0 rot 4.0/5.0/6.0 entId -1
[29May2026 01:32:01.184] [Test worker/DEBUG] [com.replaymod.simplepathing.SPTimelineTest/]: Setting interpolator of position keyframe at 1 to com.replaymod.replaystudio.pathing.interpolation.LinearInterpolator@54afd745
[29May2026 01:32:01.185] [Test worker/DEBUG] [com.replaymod.simplepathing.SPTimelineTest/]: Adding position keyframe at 3 pos 1.0/2.0/3.0 rot 4.0/5.0/6.0 entId -1
[29May2026 01:32:01.185] [Test worker/DEBUG] [com.replaymod.simplepathing.SPTimelineTest/]: Adding position keyframe at 4 pos 1.0/2.0/3.0 rot 4.0/5.0/6.0 entId -1
[29May2026 01:32:01.187] [Test worker/DEBUG] [com.replaymod.simplepathing.SPTimelineTest/]: Adding position keyframe at 5 pos 1.0/2.0/3.0 rot 4.0/5.0/6.0 entId -1
[29May2026 01:32:01.187] [Test worker/DEBUG] [com.replaymod.simplepathing.SPTimelineTest/]: Setting interpolator of position keyframe at 3 to com.replaymod.replaystudio.pathing.interpolation.LinearInterpolator@67af833b
[29May2026 01:32:01.188] [Test worker/DEBUG] [com.replaymod.simplepathing.SPTimelineTest/]: Removing position keyframe at 2
[29May2026 01:32:01.189] [Test worker/DEBUG] [com.replaymod.simplepathing.SPTimelineTest/]: Removing position keyframe at 3
[29May2026 01:32:01.189] [Test worker/DEBUG] [com.replaymod.simplepathing.SPTimelineTest/]: Removing position keyframe at 0
[29May2026 01:32:01.191] [Test worker/DEBUG] [com.replaymod.simplepathing.SPTimelineTest/]: Removing position keyframe at 1
[29May2026 01:32:01.191] [Test worker/DEBUG] [com.replaymod.simplepathing.SPTimelineTest/]: Removing position keyframe at 4
[29May2026 01:32:01.191] [Test worker/DEBUG] [com.replaymod.simplepathing.SPTimelineTest/]: Removing position keyframe at 5
[29May2026 01:32:01.192] [Test worker/DEBUG] [com.replaymod.simplepathing.SPTimelineTest/]: Adding time keyframe at 0 time 1
[29May2026 01:32:01.192] [Test worker/DEBUG] [com.replaymod.simplepathing.SPTimelineTest/]: Adding time keyframe at 1 time 1
[29May2026 01:32:01.194] [Test worker/DEBUG] [com.replaymod.simplepathing.SPTimelineTest/]: Adding time keyframe at 2 time 1
[29May2026 01:32:01.194] [Test worker/DEBUG] [com.replaymod.simplepathing.SPTimelineTest/]: Adding time keyframe at 3 time 1
[29May2026 01:32:01.195] [Test worker/DEBUG] [com.replaymod.simplepathing.SPTimelineTest/]: Removing time keyframe at 0
[29May2026 01:32:01.195] [Test worker/DEBUG] [com.replaymod.simplepathing.SPTimelineTest/]: Removing time keyframe at 1
[29May2026 01:32:01.197] [Test worker/DEBUG] [com.replaymod.simplepathing.SPTimelineTest/]: Removing time keyframe at 2
[29May2026 01:32:01.197] [Test worker/DEBUG] [com.replaymod.simplepathing.SPTimelineTest/]: Removing time keyframe at 3
[29May2026 01:32:01.198] [Test worker/DEBUG] [com.replaymod.simplepathing.SPTimelineTest/]: Adding time keyframe at 0 time 1
[29May2026 01:32:01.198] [Test worker/DEBUG] [com.replaymod.simplepathing.SPTimelineTest/]: Adding time keyframe at 1 time 1
[29May2026 01:32:01.198] [Test worker/DEBUG] [com.replaymod.simplepathing.SPTimelineTest/]: Adding time keyframe at 2 time 1
[29May2026 01:32:01.198] [Test worker/DEBUG] [com.replaymod.simplepathing.SPTimelineTest/]: Adding time keyframe at 3 time 1
[29May2026 01:32:01.199] [Test worker/DEBUG] [com.replaymod.simplepathing.SPTimelineTest/]: Removing time keyframe at 1
[29May2026 01:32:01.199] [Test worker/DEBUG] [com.replaymod.simplepathing.SPTimelineTest/]: Removing time keyframe at 2
[29May2026 01:32:01.199] [Test worker/DEBUG] [com.replaymod.simplepathing.SPTimelineTest/]: Removing time keyframe at 0
[29May2026 01:32:01.199] [Test worker/DEBUG] [com.replaymod.simplepathing.SPTimelineTest/]: Removing time keyframe at 3
[29May2026 01:32:01.200] [Test worker/DEBUG] [com.replaymod.simplepathing.SPTimelineTest/]: Adding time keyframe at 0 time 1
[29May2026 01:32:01.200] [Test worker/DEBUG] [com.replaymod.simplepathing.SPTimelineTest/]: Adding time keyframe at 1 time 1
[29May2026 01:32:01.201] [Test worker/DEBUG] [com.replaymod.simplepathing.SPTimelineTest/]: Adding time keyframe at 2 time 1
[29May2026 01:32:01.201] [Test worker/DEBUG] [com.replaymod.simplepathing.SPTimelineTest/]: Adding time keyframe at 3 time 1
[29May2026 01:32:01.201] [Test worker/DEBUG] [com.replaymod.simplepathing.SPTimelineTest/]: Removing time keyframe at 3
[29May2026 01:32:01.202] [Test worker/DEBUG] [com.replaymod.simplepathing.SPTimelineTest/]: Removing time keyframe at 2
[29May2026 01:32:01.202] [Test worker/DEBUG] [com.replaymod.simplepathing.SPTimelineTest/]: Removing time keyframe at 1
[29May2026 01:32:01.202] [Test worker/DEBUG] [com.replaymod.simplepathing.SPTimelineTest/]: Removing time keyframe at 0
[29May2026 01:32:01.202] [Test worker/DEBUG] [com.replaymod.simplepathing.SPTimelineTest/]: Adding time keyframe at 2 time 1
[29May2026 01:32:01.202] [Test worker/DEBUG] [com.replaymod.simplepathing.SPTimelineTest/]: Adding time keyframe at 4 time 1
[29May2026 01:32:01.203] [Test worker/DEBUG] [com.replaymod.simplepathing.SPTimelineTest/]: Adding time keyframe at 3 time 1
[29May2026 01:32:01.203] [Test worker/DEBUG] [com.replaymod.simplepathing.SPTimelineTest/]: Adding time keyframe at 0 time 1
[29May2026 01:32:01.203] [Test worker/DEBUG] [com.replaymod.simplepathing.SPTimelineTest/]: Adding time keyframe at 1 time 1
[29May2026 01:32:01.204] [Test worker/DEBUG] [com.replaymod.simplepathing.SPTimelineTest/]: Adding position keyframe at 0 pos 1.0/2.0/3.0 rot 4.0/5.0/6.0 entId -1
[29May2026 01:32:01.205] [Test worker/DEBUG] [com.replaymod.simplepathing.SPTimelineTest/]: Removing position keyframe at 0
[29May2026 01:32:01.207] [Test worker/DEBUG] [com.replaymod.simplepathing.SPTimelineTest/]: Adding position keyframe at 1 pos 1.0/2.0/3.0 rot 4.0/5.0/6.0 entId -1
[29May2026 01:32:01.207] [Test worker/DEBUG] [com.replaymod.simplepathing.SPTimelineTest/]: Adding position keyframe at 3 pos 1.0/2.0/3.0 rot 4.0/5.0/6.0 entId -1
[29May2026 01:32:01.208] [Test worker/DEBUG] [com.replaymod.simplepathing.SPTimelineTest/]: Adding position keyframe at 5 pos 1.0/2.0/3.0 rot 4.0/5.0/6.0 entId -1
[29May2026 01:32:01.208] [Test worker/DEBUG] [com.replaymod.simplepathing.SPTimelineTest/]: Adding position keyframe at 7 pos 1.0/2.0/3.0 rot 4.0/5.0/6.0 entId -1
[29May2026 01:32:01.209] [Test worker/DEBUG] [com.replaymod.simplepathing.SPTimelineTest/]: Adding position keyframe at 9 pos 1.0/2.0/3.0 rot 4.0/5.0/6.0 entId 42
[29May2026 01:32:01.210] [Test worker/DEBUG] [com.replaymod.simplepathing.SPTimelineTest/]: Adding position keyframe at 11 pos 1.0/2.0/3.0 rot 4.0/5.0/6.0 entId 42
[29May2026 01:32:01.211] [Test worker/DEBUG] [com.replaymod.simplepathing.SPTimelineTest/]: Adding position keyframe at 13 pos 1.0/2.0/3.0 rot 4.0/5.0/6.0 entId 42
[29May2026 01:32:01.212] [Test worker/DEBUG] [com.replaymod.simplepathing.SPTimelineTest/]: Adding position keyframe at 15 pos 1.0/2.0/3.0 rot 4.0/5.0/6.0 entId -1
[29May2026 01:32:01.213] [Test worker/DEBUG] [com.replaymod.simplepathing.SPTimelineTest/]: Adding position keyframe at 17 pos 1.0/2.0/3.0 rot 4.0/5.0/6.0 entId -1
[29May2026 01:32:01.214] [Test worker/DEBUG] [com.replaymod.simplepathing.SPTimelineTest/]: Adding position keyframe at 19 pos 1.0/2.0/3.0 rot 4.0/5.0/6.0 entId -1
[29May2026 01:32:01.215] [Test worker/DEBUG] [com.replaymod.simplepathing.SPTimelineTest/]: Setting interpolator of position keyframe at 3 to com.replaymod.replaystudio.pathing.interpolation.LinearInterpolator@43c67247
[29May2026 01:32:01.216] [Test worker/DEBUG] [com.replaymod.simplepathing.SPTimelineTest/]: Setting interpolator of position keyframe at 5 to com.replaymod.replaystudio.pathing.interpolation.LinearInterpolator@69adf72c
[29May2026 01:32:01.217] [Test worker/DEBUG] [com.replaymod.simplepathing.SPTimelineTest/]: Moving keyframe on POSITION from 5 to 0
[29May2026 01:32:01.219] [Test worker/DEBUG] [com.replaymod.simplepathing.SPTimelineTest/]: Moving keyframe on POSITION from 0 to 5
[29May2026 01:32:01.220] [Test worker/DEBUG] [com.replaymod.simplepathing.SPTimelineTest/]: Moving keyframe on POSITION from 3 to 12
[29May2026 01:32:01.221] [Test worker/DEBUG] [com.replaymod.simplepathing.SPTimelineTest/]: Moving keyframe on POSITION from 12 to 3
[29May2026 01:32:01.222] [Test worker/DEBUG] [com.replaymod.simplepathing.SPTimelineTest/]: Moving keyframe on POSITION from 7 to 14
[29May2026 01:32:01.223] [Test worker/DEBUG] [com.replaymod.simplepathing.SPTimelineTest/]: Moving keyframe on POSITION from 14 to 20
[29May2026 01:32:01.224] [Test worker/DEBUG] [com.replaymod.simplepathing.SPTimelineTest/]: Adding time keyframe at 4 time 1
[29May2026 01:32:01.224] [Test worker/DEBUG] [com.replaymod.simplepathing.SPTimelineTest/]: Adding time keyframe at 3 time 1
[29May2026 01:32:01.224] [Test worker/DEBUG] [com.replaymod.simplepathing.SPTimelineTest/]: Adding time keyframe at 2 time 1
[29May2026 01:32:01.225] [Test worker/DEBUG] [com.replaymod.simplepathing.SPTimelineTest/]: Adding time keyframe at 1 time 1
[29May2026 01:32:01.226] [Test worker/DEBUG] [com.replaymod.simplepathing.SPTimelineTest/]: Adding time keyframe at 0 time 1
[29May2026 01:32:01.226] [Test worker/DEBUG] [com.replaymod.simplepathing.SPTimelineTest/]: Adding position keyframe at 0 pos 1.0/2.0/3.0 rot 4.0/5.0/6.0 entId -1
[29May2026 01:32:01.227] [Test worker/DEBUG] [com.replaymod.simplepathing.SPTimelineTest/]: Updating position keyframe at 0 to pos 7.0/8.0/9.0 rot 10.0/11.0/12.0
[29May2026 01:32:01.227] [Test worker/DEBUG] [com.replaymod.simplepathing.SPTimelineTest/]: Adding time keyframe at 0 time 0
[29May2026 01:32:01.227] [Test worker/DEBUG] [com.replaymod.simplepathing.SPTimelineTest/]: Adding time keyframe at 9 time 9
[29May2026 01:32:01.228] [Test worker/DEBUG] [com.replaymod.simplepathing.SPTimelineTest/]: Adding position keyframe at 4 pos 1.0/2.0/3.0 rot 4.0/5.0/6.0 entId 1
[29May2026 01:32:01.228] [Test worker/DEBUG] [com.replaymod.simplepathing.SPTimelineTest/]: Adding position keyframe at 6 pos 1.0/2.0/3.0 rot 4.0/5.0/6.0 entId 42
[29May2026 01:32:01.230] [Test worker/DEBUG] [com.replaymod.simplepathing.SPTimelineTest/]: Adding position keyframe at 8 pos 1.0/2.0/3.0 rot 4.0/5.0/6.0 entId 42
[29May2026 01:32:01.231] [Test worker/DEBUG] [com.replaymod.simplepathing.SPTimelineTest/]: Adding position keyframe at 10 pos 1.0/2.0/3.0 rot 4.0/5.0/6.0 entId 42
[29May2026 01:32:01.232] [Test worker/DEBUG] [com.replaymod.simplepathing.SPTimelineTest/]: Adding time keyframe at 0 time 1
[29May2026 01:32:01.232] [Test worker/DEBUG] [com.replaymod.simplepathing.SPTimelineTest/]: Removing time keyframe at 0
[29May2026 01:32:01.232] [Test worker/DEBUG] [com.replaymod.simplepathing.SPTimelineTest/]: Adding position keyframe at 0 pos 1.0/2.0/3.0 rot 4.0/5.0/6.0 entId -1
[29May2026 01:32:01.232] [Test worker/DEBUG] [com.replaymod.simplepathing.SPTimelineTest/]: Adding position keyframe at 0 pos 1.0/2.0/3.0 rot 4.0/5.0/6.0 entId -1
[29May2026 01:32:01.233] [Test worker/DEBUG] [com.replaymod.simplepathing.SPTimelineTest/]: Adding time keyframe at 0 time 1
[29May2026 01:32:01.234] [Test worker/DEBUG] [com.replaymod.simplepathing.SPTimelineTest/]: Adding time keyframe at 1 time 1
[29May2026 01:32:01.234] [Test worker/DEBUG] [com.replaymod.simplepathing.SPTimelineTest/]: Adding time keyframe at 2 time 1
[29May2026 01:32:01.234] [Test worker/DEBUG] [com.replaymod.simplepathing.SPTimelineTest/]: Adding time keyframe at 3 time 1
[29May2026 01:32:01.234] [Test worker/DEBUG] [com.replaymod.simplepathing.SPTimelineTest/]: Adding time keyframe at 4 time 1
[29May2026 01:32:01.235] [Test worker/DEBUG] [com.replaymod.simplepathing.SPTimelineTest/]: Adding position keyframe at 0 pos 1.0/2.0/3.0 rot 4.0/5.0/6.0 entId -1
[29May2026 01:32:01.235] [Test worker/DEBUG] [com.replaymod.simplepathing.SPTimelineTest/]: Adding position keyframe at 1 pos 1.0/2.0/3.0 rot 4.0/5.0/6.0 entId -1
